DEPRECATION WARNING: Leaving `ActiveRecord::ConnectionAdapters::SQLite3Adapter.represent_boolean_as_integer`
set to false is deprecated. SQLite databases have used 't' and 'f' to serialize
boolean values and must have old data converted to 1 and 0 (its native boolean
serialization) before setting this flag to true. Conversion can be accomplished
by setting up a rake task which runs

  ExampleModel.where("boolean_column = 't'").update_all(boolean_column: 1)
  ExampleModel.where("boolean_column = 'f'").update_all(boolean_column: 0)

for all models and all boolean columns, after which the flag must be set to
true by adding the following to your application.rb file:

  Rails.application.config.active_record.sqlite3.represent_boolean_as_integer = true
 (called from load at C:/Ruby24-x64/bin/rake:23)
  [1m[35m (0.2ms)[0m  [1m[34mSELECT sqlite_version(*)[0m
  [1m[35m (21.0ms)[0m  [1m[35mCREATE TABLE "schema_migrations" ("version" varchar NOT NULL PRIMARY KEY)[0m
  [1m[35m (16.7ms)[0m  [1m[35mCREATE TABLE "ar_internal_metadata" ("key" varchar NOT NULL PRIMARY KEY, "value" varchar, "created_at" datetime NOT NULL, "updated_at" datetime NOT NULL)[0m
  [1m[35m (0.3ms)[0m  [1m[34mSELECT "schema_migrations"."version" FROM "schema_migrations" ORDER BY "schema_migrations"."version" ASC[0m
Migrating to UpdateSchema1 (20190224101759)
  [1m[35m (0.1ms)[0m  [1m[36mbegin transaction[0m
  [1m[35m (1.2ms)[0m  [1m[35mCREATE TABLE "employees" ("id" integer PRIMARY KEY AUTOINCREMENT NOT NULL, "emp_id" varchar, "name" varchar, "age" integer, "address" varchar, "busho" varchar, "created_at" datetime, "updated_at" datetime)[0m
  [1m[36mActiveRecord::SchemaMigration Create (0.2ms)[0m  [1m[32mINSERT INTO "schema_migrations" ("version") VALUES (?)[0m  [["version", "20190224101759"]]
  [1m[35m (14.3ms)[0m  [1m[36mcommit transaction[0m
Migrating to UpdateSchema2 (20190315085754)
DEPRECATION WARNING: Leaving `ActiveRecord::ConnectionAdapters::SQLite3Adapter.represent_boolean_as_integer`
set to false is deprecated. SQLite databases have used 't' and 'f' to serialize
boolean values and must have old data converted to 1 and 0 (its native boolean
serialization) before setting this flag to true. Conversion can be accomplished
by setting up a rake task which runs

  ExampleModel.where("boolean_column = 't'").update_all(boolean_column: 1)
  ExampleModel.where("boolean_column = 'f'").update_all(boolean_column: 0)

for all models and all boolean columns, after which the flag must be set to
true by adding the following to your application.rb file:

  Rails.application.config.active_record.sqlite3.represent_boolean_as_integer = true
 (called from instance_eval at C:/Ruby24-x64/lib/ruby/gems/2.4.0/gems/activesupport-5.2.2.1/lib/active_support/lazy_load_hooks.rb:71)
Started GET "/" for ::1 at 2019-03-16 00:54:59 +0900
Processing by RoutesController#index as HTML
  Rendering routes/index.html.erb within layouts/application
  Rendered routes/index.html.erb within layouts/application (7.7ms)
DEPRECATION WARNING: Extra .css in SCSS file is unnecessary. Rename C:/rails/miyatsuko_test1/app/assets/stylesheets/_variables.css.scss to C:/rails/miyatsuko_test1/app/assets/stylesheets/_variables.scss. (called from _app_views_layouts_application_html_erb__920054511_67663540 at C:/rails/miyatsuko_test1/app/views/layouts/application.html.erb:5)
DEPRECATION WARNING: Extra .css in SCSS file is unnecessary. Rename C:/rails/miyatsuko_test1/app/assets/stylesheets/_bootstrap_overrides.css.scss to C:/rails/miyatsuko_test1/app/assets/stylesheets/_bootstrap_overrides.scss. (called from _app_views_layouts_application_html_erb__920054511_67663540 at C:/rails/miyatsuko_test1/app/views/layouts/application.html.erb:5)
DEPRECATION WARNING: Extra .css in SCSS file is unnecessary. Rename C:/rails/miyatsuko_test1/app/assets/stylesheets/_variables.css.scss to C:/rails/miyatsuko_test1/app/assets/stylesheets/_variables.scss. (called from _app_views_layouts_application_html_erb__920054511_67663540 at C:/rails/miyatsuko_test1/app/views/layouts/application.html.erb:5)
DEPRECATION WARNING: Extra .css in SCSS file is unnecessary. Rename C:/rails/miyatsuko_test1/app/assets/stylesheets/_bootstrap_overrides.css.scss to C:/rails/miyatsuko_test1/app/assets/stylesheets/_bootstrap_overrides.scss. (called from _app_views_layouts_application_html_erb__920054511_67663540 at C:/rails/miyatsuko_test1/app/views/layouts/application.html.erb:5)
Completed 200 OK in 8721ms (Views: 8694.4ms)


Started GET "/employees" for ::1 at 2019-03-16 00:55:15 +0900
Processing by EmployeesController#index as HTML
  Rendering employees/index.html.erb within layouts/application
  [1m[36mEmployee Load (9.4ms)[0m  [1m[34mSELECT "employees".* FROM "employees"[0m
  Rendered employees/index.html.erb within layouts/application (37.0ms)
Completed 200 OK in 749ms (Views: 528.1ms | ActiveRecord: 10.5ms)


Started GET "/employees/new" for ::1 at 2019-03-16 00:55:21 +0900
Processing by EmployeesController#new as HTML
  Rendering employees/new.html.erb within layouts/application
  Rendered employees/new.html.erb within layouts/application (39.4ms)
Completed 200 OK in 592ms (Views: 546.6ms | ActiveRecord: 0.7ms)


Started POST "/employees" for ::1 at 2019-03-16 00:56:24 +0900
Processing by EmployeesController#create as HTML
  Parameters: {"utf8"=>"âœ“", "authenticity_token"=>"hvB7lBnPrEsFsXBpNn6nINm//MgvZ/PTPhMmVh4/pCtvxsEc9UaAmLIrmHVG7ch1Ng/xFuV2wtuscYOTU2RVEw==", "employee"=>{"emp_id"=>"00000", "name"=>"è—¤ç”°ã€€æ˜Œç´€", "age"=>"60", "address"=>"æ± ç”°ç”º", "busho"=>"è—¤ç”°ã‚¯ãƒªãƒ‹ãƒƒã‚¯"}, "commit"=>"ä¿å­˜"}
  [1m[35m (0.1ms)[0m  [1m[36mbegin transaction[0m
  [1m[36mEmployee Create (1.1ms)[0m  [1m[32mINSERT INTO "employees" ("emp_id", "name", "age", "address", "busho", "created_at", "updated_at") VALUES (?, ?, ?, ?, ?, ?, ?)[0m  [["emp_id", "00000"], ["name", "è—¤ç”°ã€€æ˜Œç´€"], ["age", 60], ["address", "æ± ç”°ç”º"], ["busho", "è—¤ç”°ã‚¯ãƒªãƒ‹ãƒƒã‚¯"], ["created_at", "2019-03-15 15:56:24.948417"], ["updated_at", "2019-03-15 15:56:24.948417"]]
  [1m[35m (11.1ms)[0m  [1m[36mcommit transaction[0m
Redirected to http://localhost:3000/employees/1
Completed 302 Found in 22ms (ActiveRecord: 12.2ms)


Started GET "/employees/1" for ::1 at 2019-03-16 00:56:24 +0900
Processing by EmployeesController#show as HTML
  Parameters: {"id"=>"1"}
  [1m[36mEmployee Load (0.3ms)[0m  [1m[34mSELECT  "employees".* FROM "employees" WHERE "employees"."id" = ? LIMIT ?[0m  [["id", 1], ["LIMIT", 1]]
  Rendering employees/show.html.erb within layouts/application
  Rendered employees/show.html.erb within layouts/application (1.2ms)
Completed 200 OK in 579ms (Views: 529.5ms | ActiveRecord: 0.3ms)


Started GET "/employees" for ::1 at 2019-03-16 00:56:35 +0900
Processing by EmployeesController#index as HTML
  Rendering employees/index.html.erb within layouts/application
  [1m[36mEmployee Load (0.3ms)[0m  [1m[34mSELECT "employees".* FROM "employees"[0m
  Rendered employees/index.html.erb within layouts/application (3.3ms)
Completed 200 OK in 514ms (Views: 501.0ms | ActiveRecord: 0.3ms)


